# JRE version: OpenJDK Runtime Environment Temurin-17.0.7+7 (17.0.7+7) (build 17.0.7+7)
# Java VM: OpenJDK 64-Bit Server VM Temurin-17.0.7+7 (17.0.7+7, mixed mode, sharing, tiered, compressed oops, compressed class ptrs, g1 gc, windows-amd64)
GC Precious Log:
 CPUs: 8 total, 8 available
 Memory: 16185M
 Large Page Support: Disabled
 NUMA Support: Disabled
 Compressed Oops: Enabled (Zero based)
 Heap Region Size: 2M
 Heap Min Capacity: 512M
 Heap Initial Capacity: 512M
 Heap Max Capacity: 4072M
 Pre-touch: Disabled
 Parallel Workers: 8
 Concurrent Workers: 2
 Concurrent Refinement Workers: 8
 Periodic GC: Disabled
 String Deduplication is enabled
Heap:
 garbage-first heap   total 757760K, used 145280K [0x0000000701800000, 0x0000000800000000)
  region size 2048K, 24 young (49152K), 1 survivors (2048K)
 Metaspace       used 81888K, committed 82432K, reserved 1179648K
  class space    used 11438K, committed 11712K, reserved 1048576K
GC Heap History (20 events):
Event: 1182.992 GC heap before
{Heap before GC invocations=53 (full 1):
 garbage-first heap   total 757760K, used 180118K [0x0000000701800000, 0x0000000800000000)
  region size 2048K, 40 young (81920K), 1 survivors (2048K)
 Metaspace       used 81849K, committed 82432K, reserved 1179648K
  class space    used 11437K, committed 11712K, reserved 1048576K
}
Event: 1182.993 GC heap after
{Heap after GC invocations=54 (full 1):
 garbage-first heap   total 757760K, used 100199K [0x0000000701800000, 0x0000000800000000)
  region size 2048K, 1 young (2048K), 1 survivors (2048K)
 Metaspace       used 81849K, committed 82432K, reserved 1179648K
  class space    used 11437K, committed 11712K, reserved 1048576K
}
Event: 1183.062 GC heap before
{Heap before GC invocations=54 (full 1):
 garbage-first heap   total 757760K, used 180071K [0x0000000701800000, 0x0000000800000000)
  region size 2048K, 40 young (81920K), 1 survivors (2048K)
 Metaspace       used 81849K, committed 82432K, reserved 1179648K
  class space    used 11437K, committed 11712K, reserved 1048576K
}
Event: 1183.063 GC heap after
{Heap after GC invocations=55 (full 1):
 garbage-first heap   total 757760K, used 100200K [0x0000000701800000, 0x0000000800000000)
  region size 2048K, 1 young (2048K), 1 survivors (2048K)
 Metaspace       used 81849K, committed 82432K, reserved 1179648K
  class space    used 11437K, committed 11712K, reserved 1048576K
}
Event: 1183.135 GC heap before
{Heap before GC invocations=55 (full 1):
 garbage-first heap   total 757760K, used 180072K [0x0000000701800000, 0x0000000800000000)
  region size 2048K, 40 young (81920K), 1 survivors (2048K)
 Metaspace       used 81849K, committed 82432K, reserved 1179648K
  class space    used 11437K, committed 11712K, reserved 1048576K
}
Event: 1183.136 GC heap after
{Heap after GC invocations=56 (full 1):
 garbage-first heap   total 757760K, used 100203K [0x0000000701800000, 0x0000000800000000)
  region size 2048K, 1 young (2048K), 1 survivors (2048K)
 Metaspace       used 81849K, committed 82432K, reserved 1179648K
  class space    used 11437K, committed 11712K, reserved 1048576K
}
Event: 1183.206 GC heap before
{Heap before GC invocations=56 (full 1):
 garbage-first heap   total 757760K, used 180075K [0x0000000701800000, 0x0000000800000000)
  region size 2048K, 40 young (81920K), 1 survivors (2048K)
 Metaspace       used 81849K, committed 82432K, reserved 1179648K
  class space    used 11437K, committed 11712K, reserved 1048576K
}
Event: 1183.207 GC heap after
{Heap after GC invocations=57 (full 1):
 garbage-first heap   total 757760K, used 100212K [0x0000000701800000, 0x0000000800000000)
  region size 2048K, 1 young (2048K), 1 survivors (2048K)
 Metaspace       used 81849K, committed 82432K, reserved 1179648K
  class space    used 11437K, committed 11712K, reserved 1048576K
}
Event: 1183.276 GC heap before
{Heap before GC invocations=57 (full 1):
 garbage-first heap   total 757760K, used 180084K [0x0000000701800000, 0x0000000800000000)
  region size 2048K, 40 young (81920K), 1 survivors (2048K)
 Metaspace       used 81849K, committed 82432K, reserved 1179648K
  class space    used 11437K, committed 11712K, reserved 1048576K
}
Event: 1183.277 GC heap after
{Heap after GC invocations=58 (full 1):
 garbage-first heap   total 757760K, used 100210K [0x0000000701800000, 0x0000000800000000)
  region size 2048K, 1 young (2048K), 1 survivors (2048K)
 Metaspace       used 81849K, committed 82432K, reserved 1179648K
  class space    used 11437K, committed 11712K, reserved 1048576K
}
Event: 1183.348 GC heap before
{Heap before GC invocations=58 (full 1):
 garbage-first heap   total 757760K, used 180082K [0x0000000701800000, 0x0000000800000000)
  region size 2048K, 40 young (81920K), 1 survivors (2048K)
 Metaspace       used 81849K, committed 82432K, reserved 1179648K
  class space    used 11437K, committed 11712K, reserved 1048576K
}
Event: 1183.349 GC heap after
{Heap after GC invocations=59 (full 1):
 garbage-first heap   total 757760K, used 100219K [0x0000000701800000, 0x0000000800000000)
  region size 2048K, 1 young (2048K), 1 survivors (2048K)
 Metaspace       used 81849K, committed 82432K, reserved 1179648K
  class space    used 11437K, committed 11712K, reserved 1048576K
}
Event: 1183.419 GC heap before
{Heap before GC invocations=59 (full 1):
 garbage-first heap   total 757760K, used 180091K [0x0000000701800000, 0x0000000800000000)
  region size 2048K, 40 young (81920K), 1 survivors (2048K)
 Metaspace       used 81850K, committed 82432K, reserved 1179648K
  class space    used 11437K, committed 11712K, reserved 1048576K
}
Event: 1183.420 GC heap after
{Heap after GC invocations=60 (full 1):
 garbage-first heap   total 757760K, used 100219K [0x0000000701800000, 0x0000000800000000)
  region size 2048K, 1 young (2048K), 1 survivors (2048K)
 Metaspace       used 81850K, committed 82432K, reserved 1179648K
  class space    used 11437K, committed 11712K, reserved 1048576K
}
Event: 1183.496 GC heap before
{Heap before GC invocations=60 (full 1):
 garbage-first heap   total 757760K, used 180091K [0x0000000701800000, 0x0000000800000000)
  region size 2048K, 40 young (81920K), 1 survivors (2048K)
 Metaspace       used 81852K, committed 82432K, reserved 1179648K
  class space    used 11437K, committed 11712K, reserved 1048576K
}
Event: 1183.497 GC heap after
{Heap after GC invocations=61 (full 1):
 garbage-first heap   total 757760K, used 100222K [0x0000000701800000, 0x0000000800000000)
  region size 2048K, 1 young (2048K), 1 survivors (2048K)
 Metaspace       used 81852K, committed 82432K, reserved 1179648K
  class space    used 11437K, committed 11712K, reserved 1048576K
}
Event: 1183.566 GC heap before
{Heap before GC invocations=61 (full 1):
 garbage-first heap   total 757760K, used 180094K [0x0000000701800000, 0x0000000800000000)
  region size 2048K, 40 young (81920K), 1 survivors (2048K)
 Metaspace       used 81852K, committed 82432K, reserved 1179648K
  class space    used 11437K, committed 11712K, reserved 1048576K
}
Event: 1183.567 GC heap after
{Heap after GC invocations=62 (full 1):
 garbage-first heap   total 757760K, used 100224K [0x0000000701800000, 0x0000000800000000)
  region size 2048K, 1 young (2048K), 1 survivors (2048K)
 Metaspace       used 81852K, committed 82432K, reserved 1179648K
  class space    used 11437K, committed 11712K, reserved 1048576K
}
Event: 1183.636 GC heap before
{Heap before GC invocations=62 (full 1):
 garbage-first heap   total 757760K, used 180096K [0x0000000701800000, 0x0000000800000000)
  region size 2048K, 40 young (81920K), 1 survivors (2048K)
 Metaspace       used 81852K, committed 82432K, reserved 1179648K
  class space    used 11437K, committed 11712K, reserved 1048576K
}
Event: 1183.638 GC heap after
{Heap after GC invocations=63 (full 1):
 garbage-first heap   total 757760K, used 100224K [0x0000000701800000, 0x0000000800000000)
  region size 2048K, 1 young (2048K), 1 survivors (2048K)
 Metaspace       used 81852K, committed 82432K, reserved 1179648K
  class space    used 11437K, committed 11712K, reserved 1048576K
}

